# JRE version: Java(TM) SE Runtime Environment (8.0_144-b01) (build 1.8.0_144-b01)
# Java VM: Java HotSpot(TM) 64-Bit Server VM (25.144-b01 mixed mode windows-amd64 compressed oops)
Heap:
 PSYoungGen      total 37376K, used 3223K [0x00000000d5f00000, 0x00000000d8b00000, 0x0000000100000000)
  eden space 31744K, 6% used [0x00000000d5f00000,0x00000000d6114d48,0x00000000d7e00000)
  from space 5632K, 19% used [0x00000000d7f00000,0x00000000d8011010,0x00000000d8480000)
  to   space 6656K, 0% used [0x00000000d8480000,0x00000000d8480000,0x00000000d8b00000)
 ParOldGen       total 87552K, used 12105K [0x0000000081c00000, 0x0000000087180000, 0x00000000d5f00000)
  object space 87552K, 13% used [0x0000000081c00000,0x00000000827d26f8,0x0000000087180000)
 Metaspace       used 16310K, capacity 16538K, committed 16768K, reserved 1064960K
  class space    used 2013K, capacity 2113K, committed 2176K, reserved 1048576K
GC Heap History (10 events):
Event: 32.551 GC heap before
{Heap before GC invocations=3 (full 0):
 PSYoungGen      total 38400K, used 37479K [0x00000000d5f00000, 0x00000000d8980000, 0x0000000100000000)
  eden space 33280K, 97% used [0x00000000d5f00000,0x00000000d7ea0ea8,0x00000000d7f80000)
  from space 5120K, 99% used [0x00000000d8480000,0x00000000d8979030,0x00000000d8980000)
  to   space 5120K, 0% used [0x00000000d7f80000,0x00000000d7f80000,0x00000000d8480000)
 ParOldGen       total 87552K, used 7927K [0x0000000081c00000, 0x0000000087180000, 0x00000000d5f00000)
  object space 87552K, 9% used [0x0000000081c00000,0x00000000823bde78,0x0000000087180000)
 Metaspace       used 16215K, capacity 16466K, committed 16768K, reserved 1064960K
  class space    used 2008K, capacity 2113K, committed 2176K, reserved 1048576K
Event: 32.556 GC heap after
Heap after GC invocations=3 (full 0):
 PSYoungGen      total 38400K, used 5092K [0x00000000d5f00000, 0x00000000d8980000, 0x0000000100000000)
  eden space 33280K, 0% used [0x00000000d5f00000,0x00000000d5f00000,0x00000000d7f80000)
  from space 5120K, 99% used [0x00000000d7f80000,0x00000000d8479030,0x00000000d8480000)
  to   space 5120K, 0% used [0x00000000d8480000,0x00000000d8480000,0x00000000d8980000)
 ParOldGen       total 87552K, used 7951K [0x0000000081c00000, 0x0000000087180000, 0x00000000d5f00000)
  object space 87552K, 9% used [0x0000000081c00000,0x00000000823c3e78,0x0000000087180000)
 Metaspace       used 16215K, capacity 16466K, committed 16768K, reserved 1064960K
  class space    used 2008K, capacity 2113K, committed 2176K, reserved 1048576K
}
Event: 33.736 GC heap before
{Heap before GC invocations=4 (full 0):
 PSYoungGen      total 38400K, used 37613K [0x00000000d5f00000, 0x00000000d8980000, 0x0000000100000000)
  eden space 33280K, 97% used [0x00000000d5f00000,0x00000000d7ec27a0,0x00000000d7f80000)
  from space 5120K, 99% used [0x00000000d7f80000,0x00000000d8479030,0x00000000d8480000)
  to   space 5120K, 0% used [0x00000000d8480000,0x00000000d8480000,0x00000000d8980000)
 ParOldGen       total 87552K, used 7951K [0x0000000081c00000, 0x0000000087180000, 0x00000000d5f00000)
  object space 87552K, 9% used [0x0000000081c00000,0x00000000823c3e78,0x0000000087180000)
 Metaspace       used 16224K, capacity 16466K, committed 16768K, reserved 1064960K
  class space    used 2008K, capacity 2113K, committed 2176K, reserved 1048576K
Event: 33.740 GC heap after
Heap after GC invocations=4 (full 0):
 PSYoungGen      total 38400K, used 5108K [0x00000000d5f00000, 0x00000000d8980000, 0x0000000100000000)
  eden space 33280K, 0% used [0x00000000d5f00000,0x00000000d5f00000,0x00000000d7f80000)
  from space 5120K, 99% used [0x00000000d8480000,0x00000000d897d040,0x00000000d8980000)
  to   space 5120K, 0% used [0x00000000d7f80000,0x00000000d7f80000,0x00000000d8480000)
 ParOldGen       total 87552K, used 7967K [0x0000000081c00000, 0x0000000087180000, 0x00000000d5f00000)
  object space 87552K, 9% used [0x0000000081c00000,0x00000000823c7e78,0x0000000087180000)
 Metaspace       used 16224K, capacity 16466K, committed 16768K, reserved 1064960K
  class space    used 2008K, capacity 2113K, committed 2176K, reserved 1048576K
}
Event: 34.903 GC heap before
{Heap before GC invocations=5 (full 0):
 PSYoungGen      total 38400K, used 37919K [0x00000000d5f00000, 0x00000000d8980000, 0x0000000100000000)
  eden space 33280K, 98% used [0x00000000d5f00000,0x00000000d7f0ae90,0x00000000d7f80000)
  from space 5120K, 99% used [0x00000000d8480000,0x00000000d897d040,0x00000000d8980000)
  to   space 5120K, 0% used [0x00000000d7f80000,0x00000000d7f80000,0x00000000d8480000)
 ParOldGen       total 87552K, used 7967K [0x0000000081c00000, 0x0000000087180000, 0x00000000d5f00000)
  object space 87552K, 9% used [0x0000000081c00000,0x00000000823c7e78,0x0000000087180000)
 Metaspace       used 16239K, capacity 16466K, committed 16768K, reserved 1064960K
  class space    used 2008K, capacity 2113K, committed 2176K, reserved 1048576K
Event: 34.907 GC heap after
Heap after GC invocations=5 (full 0):
 PSYoungGen      total 37888K, used 5092K [0x00000000d5f00000, 0x00000000d8a00000, 0x0000000100000000)
  eden space 32768K, 0% used [0x00000000d5f00000,0x00000000d5f00000,0x00000000d7f00000)
  from space 5120K, 99% used [0x00000000d7f80000,0x00000000d8479030,0x00000000d8480000)
  to   space 5632K, 0% used [0x00000000d8480000,0x00000000d8480000,0x00000000d8a00000)
 ParOldGen       total 87552K, used 7991K [0x0000000081c00000, 0x0000000087180000, 0x00000000d5f00000)
  object space 87552K, 9% used [0x0000000081c00000,0x00000000823cde78,0x0000000087180000)
 Metaspace       used 16239K, capacity 16466K, committed 16768K, reserved 1064960K
  class space    used 2008K, capacity 2113K, committed 2176K, reserved 1048576K
}
Event: 36.087 GC heap before
{Heap before GC invocations=6 (full 0):
 PSYoungGen      total 37888K, used 37770K [0x00000000d5f00000, 0x00000000d8a00000, 0x0000000100000000)
  eden space 32768K, 99% used [0x00000000d5f00000,0x00000000d7ee9928,0x00000000d7f00000)
  from space 5120K, 99% used [0x00000000d7f80000,0x00000000d8479030,0x00000000d8480000)
  to   space 5632K, 0% used [0x00000000d8480000,0x00000000d8480000,0x00000000d8a00000)
 ParOldGen       total 87552K, used 7991K [0x0000000081c00000, 0x0000000087180000, 0x00000000d5f00000)
  object space 87552K, 9% used [0x0000000081c00000,0x00000000823cde78,0x0000000087180000)
 Metaspace       used 16299K, capacity 16538K, committed 16768K, reserved 1064960K
  class space    used 2013K, capacity 2113K, committed 2176K, reserved 1048576K
Event: 36.091 GC heap after
Heap after GC invocations=6 (full 0):
 PSYoungGen      total 37888K, used 5172K [0x00000000d5f00000, 0x00000000d8a00000, 0x0000000100000000)
  eden space 32256K, 0% used [0x00000000d5f00000,0x00000000d5f00000,0x00000000d7e80000)
  from space 5632K, 91% used [0x00000000d8480000,0x00000000d898d040,0x00000000d8a00000)
  to   space 5632K, 0% used [0x00000000d7f00000,0x00000000d7f00000,0x00000000d8480000)
 ParOldGen       total 87552K, used 7999K [0x0000000081c00000, 0x0000000087180000, 0x00000000d5f00000)
  object space 87552K, 9% used [0x0000000081c00000,0x00000000823cfe78,0x0000000087180000)
 Metaspace       used 16299K, capacity 16538K, committed 16768K, reserved 1064960K
  class space    used 2013K, capacity 2113K, committed 2176K, reserved 1048576K
}
Event: 37.255 GC heap before
{Heap before GC invocations=7 (full 0):
 PSYoungGen      total 37888K, used 37363K [0x00000000d5f00000, 0x00000000d8a00000, 0x0000000100000000)
  eden space 32256K, 99% used [0x00000000d5f00000,0x00000000d7e6fe78,0x00000000d7e80000)
  from space 5632K, 91% used [0x00000000d8480000,0x00000000d898d040,0x00000000d8a00000)
  to   space 5632K, 0% used [0x00000000d7f00000,0x00000000d7f00000,0x00000000d8480000)
 ParOldGen       total 87552K, used 7999K [0x0000000081c00000, 0x0000000087180000, 0x00000000d5f00000)
  object space 87552K, 9% used [0x0000000081c00000,0x00000000823cfe78,0x0000000087180000)
 Metaspace       used 16309K, capacity 16538K, committed 16768K, reserved 1064960K
  class space    used 2013K, capacity 2113K, committed 2176K, reserved 1048576K
Event: 37.260 GC heap after
Heap after GC invocations=7 (full 0):
 PSYoungGen      total 37376K, used 1092K [0x00000000d5f00000, 0x00000000d8b00000, 0x0000000100000000)
  eden space 31744K, 0% used [0x00000000d5f00000,0x00000000d5f00000,0x00000000d7e00000)
  from space 5632K, 19% used [0x00000000d7f00000,0x00000000d8011010,0x00000000d8480000)
  to   space 6656K, 0% used [0x00000000d8480000,0x00000000d8480000,0x00000000d8b00000)
 ParOldGen       total 87552K, used 12105K [0x0000000081c00000, 0x0000000087180000, 0x00000000d5f00000)
  object space 87552K, 13% used [0x0000000081c00000,0x00000000827d26f8,0x0000000087180000)
 Metaspace       used 16309K, capacity 16538K, committed 16768K, reserved 1064960K
  class space    used 2013K, capacity 2113K, committed 2176K, reserved 1048576K
}

