# JRE version: Java(TM) SE Runtime Environment (8.0_144-b01) (build 1.8.0_144-b01)
# Java VM: Java HotSpot(TM) 64-Bit Server VM (25.144-b01 mixed mode windows-amd64 compressed oops)
Heap:
 PSYoungGen      total 37888K, used 5449K [0x00000000d5f00000, 0x00000000dbb00000, 0x0000000100000000)
  eden space 32768K, 5% used [0x00000000d5f00000,0x00000000d60ad5c8,0x00000000d7f00000)
  from space 5120K, 72% used [0x00000000d7f80000,0x00000000d8325020,0x00000000d8480000)
  to   space 30720K, 0% used [0x00000000d9d00000,0x00000000d9d00000,0x00000000dbb00000)
 ParOldGen       total 77312K, used 39301K [0x0000000081c00000, 0x0000000086780000, 0x00000000d5f00000)
  object space 77312K, 50% used [0x0000000081c00000,0x0000000084261568,0x0000000086780000)
 Metaspace       used 22661K, capacity 22964K, committed 23168K, reserved 1069056K
  class space    used 2818K, capacity 2926K, committed 2944K, reserved 1048576K
GC Heap History (10 events):
Event: 145.477 GC heap before
{Heap before GC invocations=2 (full 0):
 PSYoungGen      total 38400K, used 34264K [0x00000000d5f00000, 0x00000000d8980000, 0x0000000100000000)
  eden space 33280K, 87% used [0x00000000d5f00000,0x00000000d7b7e090,0x00000000d7f80000)
  from space 5120K, 99% used [0x00000000d7f80000,0x00000000d84781d8,0x00000000d8480000)
  to   space 5120K, 0% used [0x00000000d8480000,0x00000000d8480000,0x00000000d8980000)
 ParOldGen       total 87552K, used 23508K [0x0000000081c00000, 0x0000000087180000, 0x00000000d5f00000)
  object space 87552K, 26% used [0x0000000081c00000,0x00000000832f53e8,0x0000000087180000)
 Metaspace       used 20787K, capacity 21030K, committed 21248K, reserved 1067008K
  class space    used 2633K, capacity 2733K, committed 2816K, reserved 1048576K
Event: 145.489 GC heap after
Heap after GC invocations=2 (full 0):
 PSYoungGen      total 38400K, used 5092K [0x00000000d5f00000, 0x00000000d8980000, 0x0000000100000000)
  eden space 33280K, 0% used [0x00000000d5f00000,0x00000000d5f00000,0x00000000d7f80000)
  from space 5120K, 99% used [0x00000000d8480000,0x00000000d8979080,0x00000000d8980000)
  to   space 5120K, 0% used [0x00000000d7f80000,0x00000000d7f80000,0x00000000d8480000)
 ParOldGen       total 87552K, used 28949K [0x0000000081c00000, 0x0000000087180000, 0x00000000d5f00000)
  object space 87552K, 33% used [0x0000000081c00000,0x0000000083845448,0x0000000087180000)
 Metaspace       used 20787K, capacity 21030K, committed 21248K, reserved 1067008K
  class space    used 2633K, capacity 2733K, committed 2816K, reserved 1048576K
}
Event: 145.489 GC heap before
{Heap before GC invocations=3 (full 1):
 PSYoungGen      total 38400K, used 5092K [0x00000000d5f00000, 0x00000000d8980000, 0x0000000100000000)
  eden space 33280K, 0% used [0x00000000d5f00000,0x00000000d5f00000,0x00000000d7f80000)
  from space 5120K, 99% used [0x00000000d8480000,0x00000000d8979080,0x00000000d8980000)
  to   space 5120K, 0% used [0x00000000d7f80000,0x00000000d7f80000,0x00000000d8480000)
 ParOldGen       total 87552K, used 28949K [0x0000000081c00000, 0x0000000087180000, 0x00000000d5f00000)
  object space 87552K, 33% used [0x0000000081c00000,0x0000000083845448,0x0000000087180000)
 Metaspace       used 20787K, capacity 21030K, committed 21248K, reserved 1067008K
  class space    used 2633K, capacity 2733K, committed 2816K, reserved 1048576K
Event: 145.529 GC heap after
Heap after GC invocations=3 (full 1):
 PSYoungGen      total 38400K, used 0K [0x00000000d5f00000, 0x00000000d8980000, 0x0000000100000000)
  eden space 33280K, 0% used [0x00000000d5f00000,0x00000000d5f00000,0x00000000d7f80000)
  from space 5120K, 0% used [0x00000000d8480000,0x00000000d8480000,0x00000000d8980000)
  to   space 5120K, 0% used [0x00000000d7f80000,0x00000000d7f80000,0x00000000d8480000)
 ParOldGen       total 77312K, used 15660K [0x0000000081c00000, 0x0000000086780000, 0x00000000d5f00000)
  object space 77312K, 20% used [0x0000000081c00000,0x0000000082b4b138,0x0000000086780000)
 Metaspace       used 20787K, capacity 21030K, committed 21248K, reserved 1067008K
  class space    used 2633K, capacity 2733K, committed 2816K, reserved 1048576K
}
Event: 281.765 GC heap before
{Heap before GC invocations=4 (full 1):
 PSYoungGen      total 38400K, used 33280K [0x00000000d5f00000, 0x00000000d8980000, 0x0000000100000000)
  eden space 33280K, 100% used [0x00000000d5f00000,0x00000000d7f80000,0x00000000d7f80000)
  from space 5120K, 0% used [0x00000000d8480000,0x00000000d8480000,0x00000000d8980000)
  to   space 5120K, 0% used [0x00000000d7f80000,0x00000000d7f80000,0x00000000d8480000)
 ParOldGen       total 77312K, used 15660K [0x0000000081c00000, 0x0000000086780000, 0x00000000d5f00000)
  object space 77312K, 20% used [0x0000000081c00000,0x0000000082b4b138,0x0000000086780000)
 Metaspace       used 22160K, capacity 22414K, committed 22656K, reserved 1069056K
  class space    used 2750K, capacity 2829K, committed 2944K, reserved 1048576K
Event: 281.775 GC heap after
Heap after GC invocations=4 (full 1):
 PSYoungGen      total 38400K, used 1818K [0x00000000d5f00000, 0x00000000d8980000, 0x0000000100000000)
  eden space 33280K, 0% used [0x00000000d5f00000,0x00000000d5f00000,0x00000000d7f80000)
  from space 5120K, 35% used [0x00000000d7f80000,0x00000000d8146a40,0x00000000d8480000)
  to   space 5120K, 0% used [0x00000000d8480000,0x00000000d8480000,0x00000000d8980000)
 ParOldGen       total 77312K, used 39293K [0x0000000081c00000, 0x0000000086780000, 0x00000000d5f00000)
  object space 77312K, 50% used [0x0000000081c00000,0x000000008425f568,0x0000000086780000)
 Metaspace       used 22160K, capacity 22414K, committed 22656K, reserved 1069056K
  class space    used 2750K, capacity 2829K, committed 2944K, reserved 1048576K
}
Event: 284.228 GC heap before
{Heap before GC invocations=5 (full 1):
 PSYoungGen      total 38400K, used 34909K [0x00000000d5f00000, 0x00000000d8980000, 0x0000000100000000)
  eden space 33280K, 99% used [0x00000000d5f00000,0x00000000d7f50b78,0x00000000d7f80000)
  from space 5120K, 35% used [0x00000000d7f80000,0x00000000d8146a40,0x00000000d8480000)
  to   space 5120K, 0% used [0x00000000d8480000,0x00000000d8480000,0x00000000d8980000)
 ParOldGen       total 77312K, used 39293K [0x0000000081c00000, 0x0000000086780000, 0x00000000d5f00000)
  object space 77312K, 50% used [0x0000000081c00000,0x000000008425f568,0x0000000086780000)
 Metaspace       used 22622K, capacity 22900K, committed 23168K, reserved 1069056K
  class space    used 2814K, capacity 2926K, committed 2944K, reserved 1048576K
Event: 284.231 GC heap after
Heap after GC invocations=5 (full 1):
 PSYoungGen      total 38400K, used 3988K [0x00000000d5f00000, 0x00000000d8980000, 0x0000000100000000)
  eden space 33280K, 0% used [0x00000000d5f00000,0x00000000d5f00000,0x00000000d7f80000)
  from space 5120K, 77% used [0x00000000d8480000,0x00000000d8865020,0x00000000d8980000)
  to   space 5120K, 0% used [0x00000000d7f80000,0x00000000d7f80000,0x00000000d8480000)
 ParOldGen       total 77312K, used 39301K [0x0000000081c00000, 0x0000000086780000, 0x00000000d5f00000)
  object space 77312K, 50% used [0x0000000081c00000,0x0000000084261568,0x0000000086780000)
 Metaspace       used 22622K, capacity 22900K, committed 23168K, reserved 1069056K
  class space    used 2814K, capacity 2926K, committed 2944K, reserved 1048576K
}
Event: 286.565 GC heap before
{Heap before GC invocations=6 (full 1):
 PSYoungGen      total 38400K, used 36501K [0x00000000d5f00000, 0x00000000d8980000, 0x0000000100000000)
  eden space 33280K, 97% used [0x00000000d5f00000,0x00000000d7ec04c8,0x00000000d7f80000)
  from space 5120K, 77% used [0x00000000d8480000,0x00000000d8865020,0x00000000d8980000)
  to   space 5120K, 0% used [0x00000000d7f80000,0x00000000d7f80000,0x00000000d8480000)
 ParOldGen       total 77312K, used 39301K [0x0000000081c00000, 0x0000000086780000, 0x00000000d5f00000)
  object space 77312K, 50% used [0x0000000081c00000,0x0000000084261568,0x0000000086780000)
 Metaspace       used 22661K, capacity 22964K, committed 23168K, reserved 1069056K
  class space    used 2818K, capacity 2926K, committed 2944K, reserved 1048576K
Event: 286.567 GC heap after
Heap after GC invocations=6 (full 1):
 PSYoungGen      total 37888K, used 3732K [0x00000000d5f00000, 0x00000000dbb00000, 0x0000000100000000)
  eden space 32768K, 0% used [0x00000000d5f00000,0x00000000d5f00000,0x00000000d7f00000)
  from space 5120K, 72% used [0x00000000d7f80000,0x00000000d8325020,0x00000000d8480000)
  to   space 30720K, 0% used [0x00000000d9d00000,0x00000000d9d00000,0x00000000dbb00000)
 ParOldGen       total 77312K, used 39301K [0x0000000081c00000, 0x0000000086780000, 0x00000000d5f00000)
  object space 77312K, 50% used [0x0000000081c00000,0x0000000084261568,0x0000000086780000)
 Metaspace       used 22661K, capacity 22964K, committed 23168K, reserved 1069056K
  class space    used 2818K, capacity 2926K, committed 2944K, reserved 1048576K
}

