# JRE version: Java(TM) SE Runtime Environment (8.0_144-b01) (build 1.8.0_144-b01)
# Java VM: Java HotSpot(TM) 64-Bit Server VM (25.144-b01 mixed mode windows-amd64 compressed oops)
Heap:
 PSYoungGen      total 39936K, used 3181K [0x00000000d5f00000, 0x00000000d8f00000, 0x0000000100000000)
  eden space 31744K, 6% used [0x00000000d5f00000,0x00000000d6112790,0x00000000d7e00000)
  from space 8192K, 12% used [0x00000000d7e80000,0x00000000d7f89010,0x00000000d8680000)
  to   space 8704K, 0% used [0x00000000d8680000,0x00000000d8680000,0x00000000d8f00000)
 ParOldGen       total 87552K, used 29259K [0x0000000081c00000, 0x0000000087180000, 0x00000000d5f00000)
  object space 87552K, 33% used [0x0000000081c00000,0x0000000083892d48,0x0000000087180000)
 Metaspace       used 16521K, capacity 16766K, committed 17024K, reserved 1064960K
  class space    used 2041K, capacity 2145K, committed 2176K, reserved 1048576K
GC Heap History (10 events):
Event: 32.558 GC heap before
{Heap before GC invocations=3 (full 0):
 PSYoungGen      total 38400K, used 38329K [0x00000000d5f00000, 0x00000000d8980000, 0x0000000100000000)
  eden space 33280K, 99% used [0x00000000d5f00000,0x00000000d7f752a0,0x00000000d7f80000)
  from space 5120K, 99% used [0x00000000d8480000,0x00000000d8979190,0x00000000d8980000)
  to   space 5120K, 0% used [0x00000000d7f80000,0x00000000d7f80000,0x00000000d8480000)
 ParOldGen       total 87552K, used 25733K [0x0000000081c00000, 0x0000000087180000, 0x00000000d5f00000)
  object space 87552K, 29% used [0x0000000081c00000,0x00000000835216a8,0x0000000087180000)
 Metaspace       used 16449K, capacity 16662K, committed 17024K, reserved 1064960K
  class space    used 2035K, capacity 2113K, committed 2176K, reserved 1048576K
Event: 32.562 GC heap after
Heap after GC invocations=3 (full 0):
 PSYoungGen      total 38400K, used 4452K [0x00000000d5f00000, 0x00000000d8980000, 0x0000000100000000)
  eden space 33280K, 0% used [0x00000000d5f00000,0x00000000d5f00000,0x00000000d7f80000)
  from space 5120K, 86% used [0x00000000d7f80000,0x00000000d83d9030,0x00000000d8480000)
  to   space 5120K, 0% used [0x00000000d8480000,0x00000000d8480000,0x00000000d8980000)
 ParOldGen       total 87552K, used 25741K [0x0000000081c00000, 0x0000000087180000, 0x00000000d5f00000)
  object space 87552K, 29% used [0x0000000081c00000,0x00000000835236a8,0x0000000087180000)
 Metaspace       used 16449K, capacity 16662K, committed 17024K, reserved 1064960K
  class space    used 2035K, capacity 2113K, committed 2176K, reserved 1048576K
}
Event: 33.742 GC heap before
{Heap before GC invocations=4 (full 0):
 PSYoungGen      total 38400K, used 36949K [0x00000000d5f00000, 0x00000000d8980000, 0x0000000100000000)
  eden space 33280K, 97% used [0x00000000d5f00000,0x00000000d7ebc560,0x00000000d7f80000)
  from space 5120K, 86% used [0x00000000d7f80000,0x00000000d83d9030,0x00000000d8480000)
  to   space 5120K, 0% used [0x00000000d8480000,0x00000000d8480000,0x00000000d8980000)
 ParOldGen       total 87552K, used 25741K [0x0000000081c00000, 0x0000000087180000, 0x00000000d5f00000)
  object space 87552K, 29% used [0x0000000081c00000,0x00000000835236a8,0x0000000087180000)
 Metaspace       used 16462K, capacity 16670K, committed 17024K, reserved 1064960K
  class space    used 2035K, capacity 2113K, committed 2176K, reserved 1048576K
Event: 33.746 GC heap after
Heap after GC invocations=4 (full 0):
 PSYoungGen      total 38400K, used 4484K [0x00000000d5f00000, 0x00000000d8980000, 0x0000000100000000)
  eden space 33280K, 0% used [0x00000000d5f00000,0x00000000d5f00000,0x00000000d7f80000)
  from space 5120K, 87% used [0x00000000d8480000,0x00000000d88e1030,0x00000000d8980000)
  to   space 5120K, 0% used [0x00000000d7f80000,0x00000000d7f80000,0x00000000d8480000)
 ParOldGen       total 87552K, used 25749K [0x0000000081c00000, 0x0000000087180000, 0x00000000d5f00000)
  object space 87552K, 29% used [0x0000000081c00000,0x00000000835256a8,0x0000000087180000)
 Metaspace       used 16462K, capacity 16670K, committed 17024K, reserved 1064960K
  class space    used 2035K, capacity 2113K, committed 2176K, reserved 1048576K
}
Event: 34.942 GC heap before
{Heap before GC invocations=5 (full 0):
 PSYoungGen      total 38400K, used 37759K [0x00000000d5f00000, 0x00000000d8980000, 0x0000000100000000)
  eden space 33280K, 99% used [0x00000000d5f00000,0x00000000d7f7ef18,0x00000000d7f80000)
  from space 5120K, 87% used [0x00000000d8480000,0x00000000d88e1030,0x00000000d8980000)
  to   space 5120K, 0% used [0x00000000d7f80000,0x00000000d7f80000,0x00000000d8480000)
 ParOldGen       total 87552K, used 25749K [0x0000000081c00000, 0x0000000087180000, 0x00000000d5f00000)
  object space 87552K, 29% used [0x0000000081c00000,0x00000000835256a8,0x0000000087180000)
 Metaspace       used 16468K, capacity 16670K, committed 17024K, reserved 1064960K
  class space    used 2035K, capacity 2113K, committed 2176K, reserved 1048576K
Event: 34.946 GC heap after
Heap after GC invocations=5 (full 0):
 PSYoungGen      total 37888K, used 4452K [0x00000000d5f00000, 0x00000000d8f00000, 0x0000000100000000)
  eden space 32768K, 0% used [0x00000000d5f00000,0x00000000d5f00000,0x00000000d7f00000)
  from space 5120K, 86% used [0x00000000d7f80000,0x00000000d83d9030,0x00000000d8480000)
  to   space 8192K, 0% used [0x00000000d8700000,0x00000000d8700000,0x00000000d8f00000)
 ParOldGen       total 87552K, used 25757K [0x0000000081c00000, 0x0000000087180000, 0x00000000d5f00000)
  object space 87552K, 29% used [0x0000000081c00000,0x00000000835276a8,0x0000000087180000)
 Metaspace       used 16468K, capacity 16670K, committed 17024K, reserved 1064960K
  class space    used 2035K, capacity 2113K, committed 2176K, reserved 1048576K
}
Event: 36.126 GC heap before
{Heap before GC invocations=6 (full 0):
 PSYoungGen      total 37888K, used 36785K [0x00000000d5f00000, 0x00000000d8f00000, 0x0000000100000000)
  eden space 32768K, 98% used [0x00000000d5f00000,0x00000000d7e93748,0x00000000d7f00000)
  from space 5120K, 86% used [0x00000000d7f80000,0x00000000d83d9030,0x00000000d8480000)
  to   space 8192K, 0% used [0x00000000d8700000,0x00000000d8700000,0x00000000d8f00000)
 ParOldGen       total 87552K, used 25757K [0x0000000081c00000, 0x0000000087180000, 0x00000000d5f00000)
  object space 87552K, 29% used [0x0000000081c00000,0x00000000835276a8,0x0000000087180000)
 Metaspace       used 16472K, capacity 16670K, committed 17024K, reserved 1064960K
  class space    used 2036K, capacity 2113K, committed 2176K, reserved 1048576K
Event: 36.130 GC heap after
Heap after GC invocations=6 (full 0):
 PSYoungGen      total 39936K, used 4452K [0x00000000d5f00000, 0x00000000d8e80000, 0x0000000100000000)
  eden space 32256K, 0% used [0x00000000d5f00000,0x00000000d5f00000,0x00000000d7e80000)
  from space 7680K, 57% used [0x00000000d8700000,0x00000000d8b59010,0x00000000d8e80000)
  to   space 8192K, 0% used [0x00000000d7e80000,0x00000000d7e80000,0x00000000d8680000)
 ParOldGen       total 87552K, used 25757K [0x0000000081c00000, 0x0000000087180000, 0x00000000d5f00000)
  object space 87552K, 29% used [0x0000000081c00000,0x00000000835276a8,0x0000000087180000)
 Metaspace       used 16472K, capacity 16670K, committed 17024K, reserved 1064960K
  class space    used 2036K, capacity 2113K, committed 2176K, reserved 1048576K
}
Event: 37.262 GC heap before
{Heap before GC invocations=7 (full 0):
 PSYoungGen      total 39936K, used 35959K [0x00000000d5f00000, 0x00000000d8e80000, 0x0000000100000000)
  eden space 32256K, 97% used [0x00000000d5f00000,0x00000000d7dc4c50,0x00000000d7e80000)
  from space 7680K, 57% used [0x00000000d8700000,0x00000000d8b59010,0x00000000d8e80000)
  to   space 8192K, 0% used [0x00000000d7e80000,0x00000000d7e80000,0x00000000d8680000)
 ParOldGen       total 87552K, used 25757K [0x0000000081c00000, 0x0000000087180000, 0x00000000d5f00000)
  object space 87552K, 29% used [0x0000000081c00000,0x00000000835276a8,0x0000000087180000)
 Metaspace       used 16521K, capacity 16766K, committed 17024K, reserved 1064960K
  class space    used 2041K, capacity 2145K, committed 2176K, reserved 1048576K
Event: 37.267 GC heap after
Heap after GC invocations=7 (full 0):
 PSYoungGen      total 39936K, used 1060K [0x00000000d5f00000, 0x00000000d8f00000, 0x0000000100000000)
  eden space 31744K, 0% used [0x00000000d5f00000,0x00000000d5f00000,0x00000000d7e00000)
  from space 8192K, 12% used [0x00000000d7e80000,0x00000000d7f89010,0x00000000d8680000)
  to   space 8704K, 0% used [0x00000000d8680000,0x00000000d8680000,0x00000000d8f00000)
 ParOldGen       total 87552K, used 29259K [0x0000000081c00000, 0x0000000087180000, 0x00000000d5f00000)
  object space 87552K, 33% used [0x0000000081c00000,0x0000000083892d48,0x0000000087180000)
 Metaspace       used 16521K, capacity 16766K, committed 17024K, reserved 1064960K
  class space    used 2041K, capacity 2145K, committed 2176K, reserved 1048576K
}

