# JRE version: Java(TM) SE Runtime Environment (8.0_144-b01) (build 1.8.0_144-b01)
# Java VM: Java HotSpot(TM) 64-Bit Server VM (25.144-b01 mixed mode windows-amd64 compressed oops)
Heap:
 PSYoungGen      total 37888K, used 6920K [0x00000000d5f00000, 0x00000000d8a00000, 0x0000000100000000)
  eden space 32768K, 5% used [0x00000000d5f00000,0x00000000d60c53d0,0x00000000d7f00000)
  from space 5120K, 99% used [0x00000000d7f80000,0x00000000d847d020,0x00000000d8480000)
  to   space 5632K, 0% used [0x00000000d8480000,0x00000000d8480000,0x00000000d8a00000)
 ParOldGen       total 87552K, used 7948K [0x0000000081c00000, 0x0000000087180000, 0x00000000d5f00000)
  object space 87552K, 9% used [0x0000000081c00000,0x00000000823c3278,0x0000000087180000)
 Metaspace       used 16132K, capacity 16410K, committed 16768K, reserved 1064960K
  class space    used 2012K, capacity 2113K, committed 2176K, reserved 1048576K
GC Heap History (10 events):
Event: 11.293 GC heap before
{Heap before GC invocations=1 (full 0):
 PSYoungGen      total 38400K, used 33280K [0x00000000d5f00000, 0x00000000d8980000, 0x0000000100000000)
  eden space 33280K, 100% used [0x00000000d5f00000,0x00000000d7f80000,0x00000000d7f80000)
  from space 5120K, 0% used [0x00000000d8480000,0x00000000d8480000,0x00000000d8980000)
  to   space 5120K, 0% used [0x00000000d7f80000,0x00000000d7f80000,0x00000000d8480000)
 ParOldGen       total 87552K, used 0K [0x0000000081c00000, 0x0000000087180000, 0x00000000d5f00000)
  object space 87552K, 0% used [0x0000000081c00000,0x0000000081c00000,0x0000000087180000)
 Metaspace       used 15898K, capacity 16122K, committed 16512K, reserved 1062912K
  class space    used 2002K, capacity 2081K, committed 2176K, reserved 1048576K
Event: 11.304 GC heap after
Heap after GC invocations=1 (full 0):
 PSYoungGen      total 38400K, used 4418K [0x00000000d5f00000, 0x00000000d8980000, 0x0000000100000000)
  eden space 33280K, 0% used [0x00000000d5f00000,0x00000000d5f00000,0x00000000d7f80000)
  from space 5120K, 86% used [0x00000000d7f80000,0x00000000d83d0998,0x00000000d8480000)
  to   space 5120K, 0% used [0x00000000d8480000,0x00000000d8480000,0x00000000d8980000)
 ParOldGen       total 87552K, used 7372K [0x0000000081c00000, 0x0000000087180000, 0x00000000d5f00000)
  object space 87552K, 8% used [0x0000000081c00000,0x0000000082333228,0x0000000087180000)
 Metaspace       used 15898K, capacity 16122K, committed 16512K, reserved 1062912K
  class space    used 2002K, capacity 2081K, committed 2176K, reserved 1048576K
}
Event: 12.660 GC heap before
{Heap before GC invocations=2 (full 0):
 PSYoungGen      total 38400K, used 36968K [0x00000000d5f00000, 0x00000000d8980000, 0x0000000100000000)
  eden space 33280K, 97% used [0x00000000d5f00000,0x00000000d7ec9a40,0x00000000d7f80000)
  from space 5120K, 86% used [0x00000000d7f80000,0x00000000d83d0998,0x00000000d8480000)
  to   space 5120K, 0% used [0x00000000d8480000,0x00000000d8480000,0x00000000d8980000)
 ParOldGen       total 87552K, used 7372K [0x0000000081c00000, 0x0000000087180000, 0x00000000d5f00000)
  object space 87552K, 8% used [0x0000000081c00000,0x0000000082333228,0x0000000087180000)
 Metaspace       used 16027K, capacity 16282K, committed 16512K, reserved 1062912K
  class space    used 2007K, capacity 2113K, committed 2176K, reserved 1048576K
Event: 12.665 GC heap after
Heap after GC invocations=2 (full 0):
 PSYoungGen      total 38400K, used 5094K [0x00000000d5f00000, 0x00000000d8980000, 0x0000000100000000)
  eden space 33280K, 0% used [0x00000000d5f00000,0x00000000d5f00000,0x00000000d7f80000)
  from space 5120K, 99% used [0x00000000d8480000,0x00000000d8979828,0x00000000d8980000)
  to   space 5120K, 0% used [0x00000000d7f80000,0x00000000d7f80000,0x00000000d8480000)
 ParOldGen       total 87552K, used 7827K [0x0000000081c00000, 0x0000000087180000, 0x00000000d5f00000)
  object space 87552K, 8% used [0x0000000081c00000,0x00000000823a4e88,0x0000000087180000)
 Metaspace       used 16027K, capacity 16282K, committed 16512K, reserved 1062912K
  class space    used 2007K, capacity 2113K, committed 2176K, reserved 1048576K
}
Event: 13.844 GC heap before
{Heap before GC invocations=3 (full 0):
 PSYoungGen      total 38400K, used 38288K [0x00000000d5f00000, 0x00000000d8980000, 0x0000000100000000)
  eden space 33280K, 99% used [0x00000000d5f00000,0x00000000d7f6a960,0x00000000d7f80000)
  from space 5120K, 99% used [0x00000000d8480000,0x00000000d8979828,0x00000000d8980000)
  to   space 5120K, 0% used [0x00000000d7f80000,0x00000000d7f80000,0x00000000d8480000)
 ParOldGen       total 87552K, used 7827K [0x0000000081c00000, 0x0000000087180000, 0x00000000d5f00000)
  object space 87552K, 8% used [0x0000000081c00000,0x00000000823a4e88,0x0000000087180000)
 Metaspace       used 16033K, capacity 16282K, committed 16512K, reserved 1062912K
  class space    used 2007K, capacity 2113K, committed 2176K, reserved 1048576K
Event: 13.848 GC heap after
Heap after GC invocations=3 (full 0):
 PSYoungGen      total 38400K, used 5094K [0x00000000d5f00000, 0x00000000d8980000, 0x0000000100000000)
  eden space 33280K, 0% used [0x00000000d5f00000,0x00000000d5f00000,0x00000000d7f80000)
  from space 5120K, 99% used [0x00000000d7f80000,0x00000000d8479828,0x00000000d8480000)
  to   space 5120K, 0% used [0x00000000d8480000,0x00000000d8480000,0x00000000d8980000)
 ParOldGen       total 87552K, used 7867K [0x0000000081c00000, 0x0000000087180000, 0x00000000d5f00000)
  object space 87552K, 8% used [0x0000000081c00000,0x00000000823aee88,0x0000000087180000)
 Metaspace       used 16033K, capacity 16282K, committed 16512K, reserved 1062912K
  class space    used 2007K, capacity 2113K, committed 2176K, reserved 1048576K
}
Event: 15.012 GC heap before
{Heap before GC invocations=4 (full 0):
 PSYoungGen      total 38400K, used 37875K [0x00000000d5f00000, 0x00000000d8980000, 0x0000000100000000)
  eden space 33280K, 98% used [0x00000000d5f00000,0x00000000d7f035c0,0x00000000d7f80000)
  from space 5120K, 99% used [0x00000000d7f80000,0x00000000d8479828,0x00000000d8480000)
  to   space 5120K, 0% used [0x00000000d8480000,0x00000000d8480000,0x00000000d8980000)
 ParOldGen       total 87552K, used 7867K [0x0000000081c00000, 0x0000000087180000, 0x00000000d5f00000)
  object space 87552K, 8% used [0x0000000081c00000,0x00000000823aee88,0x0000000087180000)
 Metaspace       used 16052K, capacity 16282K, committed 16512K, reserved 1062912K
  class space    used 2007K, capacity 2113K, committed 2176K, reserved 1048576K
Event: 15.016 GC heap after
Heap after GC invocations=4 (full 0):
 PSYoungGen      total 38400K, used 5108K [0x00000000d5f00000, 0x00000000d8980000, 0x0000000100000000)
  eden space 33280K, 0% used [0x00000000d5f00000,0x00000000d5f00000,0x00000000d7f80000)
  from space 5120K, 99% used [0x00000000d8480000,0x00000000d897d020,0x00000000d8980000)
  to   space 5120K, 0% used [0x00000000d7f80000,0x00000000d7f80000,0x00000000d8480000)
 ParOldGen       total 87552K, used 7891K [0x0000000081c00000, 0x0000000087180000, 0x00000000d5f00000)
  object space 87552K, 9% used [0x0000000081c00000,0x00000000823b4e88,0x0000000087180000)
 Metaspace       used 16052K, capacity 16282K, committed 16512K, reserved 1062912K
  class space    used 2007K, capacity 2113K, committed 2176K, reserved 1048576K
}
Event: 16.196 GC heap before
{Heap before GC invocations=5 (full 0):
 PSYoungGen      total 38400K, used 37871K [0x00000000d5f00000, 0x00000000d8980000, 0x0000000100000000)
  eden space 33280K, 98% used [0x00000000d5f00000,0x00000000d7efeed8,0x00000000d7f80000)
  from space 5120K, 99% used [0x00000000d8480000,0x00000000d897d020,0x00000000d8980000)
  to   space 5120K, 0% used [0x00000000d7f80000,0x00000000d7f80000,0x00000000d8480000)
 ParOldGen       total 87552K, used 7891K [0x0000000081c00000, 0x0000000087180000, 0x00000000d5f00000)
  object space 87552K, 9% used [0x0000000081c00000,0x00000000823b4e88,0x0000000087180000)
 Metaspace       used 16131K, capacity 16410K, committed 16768K, reserved 1064960K
  class space    used 2012K, capacity 2113K, committed 2176K, reserved 1048576K
Event: 16.200 GC heap after
Heap after GC invocations=5 (full 0):
 PSYoungGen      total 37888K, used 5108K [0x00000000d5f00000, 0x00000000d8a00000, 0x0000000100000000)
  eden space 32768K, 0% used [0x00000000d5f00000,0x00000000d5f00000,0x00000000d7f00000)
  from space 5120K, 99% used [0x00000000d7f80000,0x00000000d847d020,0x00000000d8480000)
  to   space 5632K, 0% used [0x00000000d8480000,0x00000000d8480000,0x00000000d8a00000)
 ParOldGen       total 87552K, used 7948K [0x0000000081c00000, 0x0000000087180000, 0x00000000d5f00000)
  object space 87552K, 9% used [0x0000000081c00000,0x00000000823c3278,0x0000000087180000)
 Metaspace       used 16131K, capacity 16410K, committed 16768K, reserved 1064960K
  class space    used 2012K, capacity 2113K, committed 2176K, reserved 1048576K
}

