# JRE version: Java(TM) SE Runtime Environment (8.0_144-b01) (build 1.8.0_144-b01)
# Java VM: Java HotSpot(TM) 64-Bit Server VM (25.144-b01 mixed mode windows-amd64 compressed oops)
Heap:
 PSYoungGen      total 57344K, used 8100K [0x00000000d5f00000, 0x00000000db480000, 0x0000000100000000)
  eden space 32256K, 5% used [0x00000000d5f00000,0x00000000d60b7200,0x00000000d7e80000)
  from space 25088K, 25% used [0x00000000d9c00000,0x00000000da232100,0x00000000db480000)
  to   space 27648K, 0% used [0x00000000d7e80000,0x00000000d7e80000,0x00000000d9980000)
 ParOldGen       total 87552K, used 30677K [0x0000000081c00000, 0x0000000087180000, 0x00000000d5f00000)
  object space 87552K, 35% used [0x0000000081c00000,0x00000000839f5568,0x0000000087180000)
 Metaspace       used 20668K, capacity 20952K, committed 21120K, reserved 1067008K
  class space    used 2499K, capacity 2592K, committed 2688K, reserved 1048576K
GC Heap History (10 events):
Event: 245.532 GC heap before
{Heap before GC invocations=2 (full 0):
 PSYoungGen      total 38400K, used 38386K [0x00000000d5f00000, 0x00000000d8980000, 0x0000000100000000)
  eden space 33280K, 100% used [0x00000000d5f00000,0x00000000d7f80000,0x00000000d7f80000)
  from space 5120K, 99% used [0x00000000d7f80000,0x00000000d847c850,0x00000000d8480000)
  to   space 5120K, 0% used [0x00000000d8480000,0x00000000d8480000,0x00000000d8980000)
 ParOldGen       total 87552K, used 23401K [0x0000000081c00000, 0x0000000087180000, 0x00000000d5f00000)
  object space 87552K, 26% used [0x0000000081c00000,0x00000000832da450,0x0000000087180000)
 Metaspace       used 20286K, capacity 20586K, committed 20736K, reserved 1067008K
  class space    used 2466K, capacity 2559K, committed 2560K, reserved 1048576K
Event: 245.542 GC heap after
Heap after GC invocations=2 (full 0):
 PSYoungGen      total 38400K, used 5092K [0x00000000d5f00000, 0x00000000d8980000, 0x0000000100000000)
  eden space 33280K, 0% used [0x00000000d5f00000,0x00000000d5f00000,0x00000000d7f80000)
  from space 5120K, 99% used [0x00000000d8480000,0x00000000d8979080,0x00000000d8980000)
  to   space 5120K, 0% used [0x00000000d7f80000,0x00000000d7f80000,0x00000000d8480000)
 ParOldGen       total 87552K, used 26295K [0x0000000081c00000, 0x0000000087180000, 0x00000000d5f00000)
  object space 87552K, 30% used [0x0000000081c00000,0x00000000835adcd0,0x0000000087180000)
 Metaspace       used 20286K, capacity 20586K, committed 20736K, reserved 1067008K
  class space    used 2466K, capacity 2559K, committed 2560K, reserved 1048576K
}
Event: 247.018 GC heap before
{Heap before GC invocations=3 (full 0):
 PSYoungGen      total 38400K, used 37718K [0x00000000d5f00000, 0x00000000d8980000, 0x0000000100000000)
  eden space 33280K, 98% used [0x00000000d5f00000,0x00000000d7edc8d8,0x00000000d7f80000)
  from space 5120K, 99% used [0x00000000d8480000,0x00000000d8979080,0x00000000d8980000)
  to   space 5120K, 0% used [0x00000000d7f80000,0x00000000d7f80000,0x00000000d8480000)
 ParOldGen       total 87552K, used 26295K [0x0000000081c00000, 0x0000000087180000, 0x00000000d5f00000)
  object space 87552K, 30% used [0x0000000081c00000,0x00000000835adcd0,0x0000000087180000)
 Metaspace       used 20596K, capacity 20856K, committed 20992K, reserved 1067008K
  class space    used 2494K, capacity 2560K, committed 2560K, reserved 1048576K
Event: 247.026 GC heap after
Heap after GC invocations=3 (full 0):
 PSYoungGen      total 38400K, used 5112K [0x00000000d5f00000, 0x00000000d8980000, 0x0000000100000000)
  eden space 33280K, 0% used [0x00000000d5f00000,0x00000000d5f00000,0x00000000d7f80000)
  from space 5120K, 99% used [0x00000000d7f80000,0x00000000d847e0f0,0x00000000d8480000)
  to   space 5120K, 0% used [0x00000000d8480000,0x00000000d8480000,0x00000000d8980000)
 ParOldGen       total 87552K, used 30613K [0x0000000081c00000, 0x0000000087180000, 0x00000000d5f00000)
  object space 87552K, 34% used [0x0000000081c00000,0x00000000839e5568,0x0000000087180000)
 Metaspace       used 20596K, capacity 20856K, committed 20992K, reserved 1067008K
  class space    used 2494K, capacity 2560K, committed 2560K, reserved 1048576K
}
Event: 248.235 GC heap before
{Heap before GC invocations=4 (full 0):
 PSYoungGen      total 38400K, used 38282K [0x00000000d5f00000, 0x00000000d8980000, 0x0000000100000000)
  eden space 33280K, 99% used [0x00000000d5f00000,0x00000000d7f64948,0x00000000d7f80000)
  from space 5120K, 99% used [0x00000000d7f80000,0x00000000d847e0f0,0x00000000d8480000)
  to   space 5120K, 0% used [0x00000000d8480000,0x00000000d8480000,0x00000000d8980000)
 ParOldGen       total 87552K, used 30613K [0x0000000081c00000, 0x0000000087180000, 0x00000000d5f00000)
  object space 87552K, 34% used [0x0000000081c00000,0x00000000839e5568,0x0000000087180000)
 Metaspace       used 20596K, capacity 20856K, committed 20992K, reserved 1067008K
  class space    used 2494K, capacity 2560K, committed 2560K, reserved 1048576K
Event: 248.240 GC heap after
Heap after GC invocations=4 (full 0):
 PSYoungGen      total 38400K, used 5112K [0x00000000d5f00000, 0x00000000d8980000, 0x0000000100000000)
  eden space 33280K, 0% used [0x00000000d5f00000,0x00000000d5f00000,0x00000000d7f80000)
  from space 5120K, 99% used [0x00000000d8480000,0x00000000d897e0f0,0x00000000d8980000)
  to   space 5120K, 0% used [0x00000000d7f80000,0x00000000d7f80000,0x00000000d8480000)
 ParOldGen       total 87552K, used 30629K [0x0000000081c00000, 0x0000000087180000, 0x00000000d5f00000)
  object space 87552K, 34% used [0x0000000081c00000,0x00000000839e9568,0x0000000087180000)
 Metaspace       used 20596K, capacity 20856K, committed 20992K, reserved 1067008K
  class space    used 2494K, capacity 2560K, committed 2560K, reserved 1048576K
}
Event: 249.418 GC heap before
{Heap before GC invocations=5 (full 0):
 PSYoungGen      total 38400K, used 37636K [0x00000000d5f00000, 0x00000000d8980000, 0x0000000100000000)
  eden space 33280K, 97% used [0x00000000d5f00000,0x00000000d7ec3090,0x00000000d7f80000)
  from space 5120K, 99% used [0x00000000d8480000,0x00000000d897e0f0,0x00000000d8980000)
  to   space 5120K, 0% used [0x00000000d7f80000,0x00000000d7f80000,0x00000000d8480000)
 ParOldGen       total 87552K, used 30629K [0x0000000081c00000, 0x0000000087180000, 0x00000000d5f00000)
  object space 87552K, 34% used [0x0000000081c00000,0x00000000839e9568,0x0000000087180000)
 Metaspace       used 20612K, capacity 20856K, committed 20992K, reserved 1067008K
  class space    used 2495K, capacity 2560K, committed 2560K, reserved 1048576K
Event: 249.424 GC heap after
Heap after GC invocations=5 (full 0):
 PSYoungGen      total 37888K, used 5112K [0x00000000d5f00000, 0x00000000db900000, 0x0000000100000000)
  eden space 32768K, 0% used [0x00000000d5f00000,0x00000000d5f00000,0x00000000d7f00000)
  from space 5120K, 99% used [0x00000000d7f80000,0x00000000d847e0f0,0x00000000d8480000)
  to   space 29696K, 0% used [0x00000000d9c00000,0x00000000d9c00000,0x00000000db900000)
 ParOldGen       total 87552K, used 30669K [0x0000000081c00000, 0x0000000087180000, 0x00000000d5f00000)
  object space 87552K, 35% used [0x0000000081c00000,0x00000000839f3568,0x0000000087180000)
 Metaspace       used 20612K, capacity 20856K, committed 20992K, reserved 1067008K
  class space    used 2495K, capacity 2560K, committed 2560K, reserved 1048576K
}
Event: 250.586 GC heap before
{Heap before GC invocations=6 (full 0):
 PSYoungGen      total 37888K, used 37816K [0x00000000d5f00000, 0x00000000db900000, 0x0000000100000000)
  eden space 32768K, 99% used [0x00000000d5f00000,0x00000000d7ef0268,0x00000000d7f00000)
  from space 5120K, 99% used [0x00000000d7f80000,0x00000000d847e0f0,0x00000000d8480000)
  to   space 29696K, 0% used [0x00000000d9c00000,0x00000000d9c00000,0x00000000db900000)
 ParOldGen       total 87552K, used 30669K [0x0000000081c00000, 0x0000000087180000, 0x00000000d5f00000)
  object space 87552K, 35% used [0x0000000081c00000,0x00000000839f3568,0x0000000087180000)
 Metaspace       used 20667K, capacity 20952K, committed 21120K, reserved 1067008K
  class space    used 2499K, capacity 2592K, committed 2688K, reserved 1048576K
Event: 250.592 GC heap after
Heap after GC invocations=6 (full 0):
 PSYoungGen      total 57344K, used 6344K [0x00000000d5f00000, 0x00000000db480000, 0x0000000100000000)
  eden space 32256K, 0% used [0x00000000d5f00000,0x00000000d5f00000,0x00000000d7e80000)
  from space 25088K, 25% used [0x00000000d9c00000,0x00000000da232100,0x00000000db480000)
  to   space 27648K, 0% used [0x00000000d7e80000,0x00000000d7e80000,0x00000000d9980000)
 ParOldGen       total 87552K, used 30677K [0x0000000081c00000, 0x0000000087180000, 0x00000000d5f00000)
  object space 87552K, 35% used [0x0000000081c00000,0x00000000839f5568,0x0000000087180000)
 Metaspace       used 20667K, capacity 20952K, committed 21120K, reserved 1067008K
  class space    used 2499K, capacity 2592K, committed 2688K, reserved 1048576K
}

