# JRE version: Java(TM) SE Runtime Environment (8.0_144-b01) (build 1.8.0_144-b01)
# Java VM: Java HotSpot(TM) 64-Bit Server VM (25.144-b01 mixed mode windows-amd64 compressed oops)
Heap:
 PSYoungGen      total 38400K, used 5374K [0x00000000d5f00000, 0x00000000d8d80000, 0x0000000100000000)
  eden space 31232K, 5% used [0x00000000d5f00000,0x00000000d60aab10,0x00000000d7d80000)
  from space 7168K, 51% used [0x00000000d8680000,0x00000000d8a15040,0x00000000d8d80000)
  to   space 8192K, 0% used [0x00000000d7d80000,0x00000000d7d80000,0x00000000d8580000)
 ParOldGen       total 74240K, used 41590K [0x0000000081c00000, 0x0000000086480000, 0x00000000d5f00000)
  object space 74240K, 56% used [0x0000000081c00000,0x000000008449da98,0x0000000086480000)
 Metaspace       used 24419K, capacity 24708K, committed 24960K, reserved 1071104K
  class space    used 3043K, capacity 3120K, committed 3200K, reserved 1048576K
GC Heap History (10 events):
Event: 730.151 GC heap before
{Heap before GC invocations=5 (full 1):
 PSYoungGen      total 38400K, used 33280K [0x00000000d5f00000, 0x00000000d8980000, 0x0000000100000000)
  eden space 33280K, 100% used [0x00000000d5f00000,0x00000000d7f80000,0x00000000d7f80000)
  from space 5120K, 0% used [0x00000000d7f80000,0x00000000d7f80000,0x00000000d8480000)
  to   space 5120K, 0% used [0x00000000d8480000,0x00000000d8480000,0x00000000d8980000)
 ParOldGen       total 74240K, used 16158K [0x0000000081c00000, 0x0000000086480000, 0x00000000d5f00000)
  object space 74240K, 21% used [0x0000000081c00000,0x0000000082bc79a0,0x0000000086480000)
 Metaspace       used 22927K, capacity 23198K, committed 23472K, reserved 1069056K
  class space    used 2866K, capacity 2959K, committed 3072K, reserved 1048576K
Event: 730.159 GC heap after
Heap after GC invocations=5 (full 1):
 PSYoungGen      total 38400K, used 2434K [0x00000000d5f00000, 0x00000000d8980000, 0x0000000100000000)
  eden space 33280K, 0% used [0x00000000d5f00000,0x00000000d5f00000,0x00000000d7f80000)
  from space 5120K, 47% used [0x00000000d8480000,0x00000000d86e0ac8,0x00000000d8980000)
  to   space 5120K, 0% used [0x00000000d7f80000,0x00000000d7f80000,0x00000000d8480000)
 ParOldGen       total 74240K, used 39791K [0x0000000081c00000, 0x0000000086480000, 0x00000000d5f00000)
  object space 74240K, 53% used [0x0000000081c00000,0x00000000842dbdd0,0x0000000086480000)
 Metaspace       used 22927K, capacity 23198K, committed 23472K, reserved 1069056K
  class space    used 2866K, capacity 2959K, committed 3072K, reserved 1048576K
}
Event: 784.639 GC heap before
{Heap before GC invocations=6 (full 1):
 PSYoungGen      total 38400K, used 35258K [0x00000000d5f00000, 0x00000000d8980000, 0x0000000100000000)
  eden space 33280K, 98% used [0x00000000d5f00000,0x00000000d7f0e110,0x00000000d7f80000)
  from space 5120K, 47% used [0x00000000d8480000,0x00000000d86e0ac8,0x00000000d8980000)
  to   space 5120K, 0% used [0x00000000d7f80000,0x00000000d7f80000,0x00000000d8480000)
 ParOldGen       total 74240K, used 39791K [0x0000000081c00000, 0x0000000086480000, 0x00000000d5f00000)
  object space 74240K, 53% used [0x0000000081c00000,0x00000000842dbdd0,0x0000000086480000)
 Metaspace       used 24378K, capacity 24644K, committed 24960K, reserved 1071104K
  class space    used 3039K, capacity 3120K, committed 3200K, reserved 1048576K
Event: 784.643 GC heap after
Heap after GC invocations=6 (full 1):
 PSYoungGen      total 37888K, used 5111K [0x00000000d5f00000, 0x00000000d9200000, 0x0000000100000000)
  eden space 32768K, 0% used [0x00000000d5f00000,0x00000000d5f00000,0x00000000d7f00000)
  from space 5120K, 99% used [0x00000000d7f80000,0x00000000d847df38,0x00000000d8480000)
  to   space 9728K, 0% used [0x00000000d8880000,0x00000000d8880000,0x00000000d9200000)
 ParOldGen       total 74240K, used 40504K [0x0000000081c00000, 0x0000000086480000, 0x00000000d5f00000)
  object space 74240K, 54% used [0x0000000081c00000,0x000000008438e350,0x0000000086480000)
 Metaspace       used 24378K, capacity 24644K, committed 24960K, reserved 1071104K
  class space    used 3039K, capacity 3120K, committed 3200K, reserved 1048576K
}
Event: 785.872 GC heap before
{Heap before GC invocations=7 (full 1):
 PSYoungGen      total 37888K, used 37672K [0x00000000d5f00000, 0x00000000d9200000, 0x0000000100000000)
  eden space 32768K, 99% used [0x00000000d5f00000,0x00000000d7ecc3c0,0x00000000d7f00000)
  from space 5120K, 99% used [0x00000000d7f80000,0x00000000d847df38,0x00000000d8480000)
  to   space 9728K, 0% used [0x00000000d8880000,0x00000000d8880000,0x00000000d9200000)
 ParOldGen       total 74240K, used 40504K [0x0000000081c00000, 0x0000000086480000, 0x00000000d5f00000)
  object space 74240K, 54% used [0x0000000081c00000,0x000000008438e350,0x0000000086480000)
 Metaspace       used 24379K, capacity 24644K, committed 24960K, reserved 1071104K
  class space    used 3039K, capacity 3120K, committed 3200K, reserved 1048576K
Event: 785.876 GC heap after
Heap after GC invocations=7 (full 1):
 PSYoungGen      total 39424K, used 4746K [0x00000000d5f00000, 0x00000000d8f80000, 0x0000000100000000)
  eden space 32256K, 0% used [0x00000000d5f00000,0x00000000d5f00000,0x00000000d7e80000)
  from space 7168K, 66% used [0x00000000d8880000,0x00000000d8d22858,0x00000000d8f80000)
  to   space 8704K, 0% used [0x00000000d7e80000,0x00000000d7e80000,0x00000000d8700000)
 ParOldGen       total 74240K, used 40504K [0x0000000081c00000, 0x0000000086480000, 0x00000000d5f00000)
  object space 74240K, 54% used [0x0000000081c00000,0x000000008438e350,0x0000000086480000)
 Metaspace       used 24379K, capacity 24644K, committed 24960K, reserved 1071104K
  class space    used 3039K, capacity 3120K, committed 3200K, reserved 1048576K
}
Event: 787.040 GC heap before
{Heap before GC invocations=8 (full 1):
 PSYoungGen      total 39424K, used 36950K [0x00000000d5f00000, 0x00000000d8f80000, 0x0000000100000000)
  eden space 32256K, 99% used [0x00000000d5f00000,0x00000000d7e73018,0x00000000d7e80000)
  from space 7168K, 66% used [0x00000000d8880000,0x00000000d8d22858,0x00000000d8f80000)
  to   space 8704K, 0% used [0x00000000d7e80000,0x00000000d7e80000,0x00000000d8700000)
 ParOldGen       total 74240K, used 40504K [0x0000000081c00000, 0x0000000086480000, 0x00000000d5f00000)
  object space 74240K, 54% used [0x0000000081c00000,0x000000008438e350,0x0000000086480000)
 Metaspace       used 24379K, capacity 24644K, committed 24960K, reserved 1071104K
  class space    used 3039K, capacity 3120K, committed 3200K, reserved 1048576K
Event: 787.042 GC heap after
Heap after GC invocations=8 (full 1):
 PSYoungGen      total 36864K, used 4746K [0x00000000d5f00000, 0x00000000d8f00000, 0x0000000100000000)
  eden space 31744K, 0% used [0x00000000d5f00000,0x00000000d5f00000,0x00000000d7e00000)
  from space 5120K, 92% used [0x00000000d7e80000,0x00000000d8322858,0x00000000d8380000)
  to   space 8704K, 0% used [0x00000000d8680000,0x00000000d8680000,0x00000000d8f00000)
 ParOldGen       total 74240K, used 40504K [0x0000000081c00000, 0x0000000086480000, 0x00000000d5f00000)
  object space 74240K, 54% used [0x0000000081c00000,0x000000008438e350,0x0000000086480000)
 Metaspace       used 24379K, capacity 24644K, committed 24960K, reserved 1071104K
  class space    used 3039K, capacity 3120K, committed 3200K, reserved 1048576K
}
Event: 788.191 GC heap before
{Heap before GC invocations=9 (full 1):
 PSYoungGen      total 36864K, used 36281K [0x00000000d5f00000, 0x00000000d8f00000, 0x0000000100000000)
  eden space 31744K, 99% used [0x00000000d5f00000,0x00000000d7dcbf90,0x00000000d7e00000)
  from space 5120K, 92% used [0x00000000d7e80000,0x00000000d8322858,0x00000000d8380000)
  to   space 8704K, 0% used [0x00000000d8680000,0x00000000d8680000,0x00000000d8f00000)
 ParOldGen       total 74240K, used 40504K [0x0000000081c00000, 0x0000000086480000, 0x00000000d5f00000)
  object space 74240K, 54% used [0x0000000081c00000,0x000000008438e350,0x0000000086480000)
 Metaspace       used 24419K, capacity 24708K, committed 24960K, reserved 1071104K
  class space    used 3043K, capacity 3120K, committed 3200K, reserved 1048576K
Event: 788.194 GC heap after
Heap after GC invocations=9 (full 1):
 PSYoungGen      total 38400K, used 3668K [0x00000000d5f00000, 0x00000000d8d80000, 0x0000000100000000)
  eden space 31232K, 0% used [0x00000000d5f00000,0x00000000d5f00000,0x00000000d7d80000)
  from space 7168K, 51% used [0x00000000d8680000,0x00000000d8a15040,0x00000000d8d80000)
  to   space 8192K, 0% used [0x00000000d7d80000,0x00000000d7d80000,0x00000000d8580000)
 ParOldGen       total 74240K, used 41590K [0x0000000081c00000, 0x0000000086480000, 0x00000000d5f00000)
  object space 74240K, 56% used [0x0000000081c00000,0x000000008449da98,0x0000000086480000)
 Metaspace       used 24419K, capacity 24708K, committed 24960K, reserved 1071104K
  class space    used 3043K, capacity 3120K, committed 3200K, reserved 1048576K
}

